2024-01-04 15:31:14,196 [Worker-7: Loading available Gradle versions] INFO  o.e.b.c.i.u.g.PublishedGradleVersions - Gradle version information cache is up-to-date. Trying to read.
2024-01-04 15:37:00,821 [Worker-19: Enabling Maven Dependency Management] INFO  o.e.m.c.i.l.LifecycleMappingFactory - Using org.eclipse.m2e.jdt.JarLifecycleMapping lifecycle mapping for MavenProject: BasicUnitTest:BasicUnitTest:0.0.1-SNAPSHOT @ D:\65-45 023 Work\BasicUnitTest\BasicUnitTest\pom.xml.
2024-01-04 15:37:01,340 [Worker-19: Enabling Maven Dependency Management] INFO  o.e.m.j.i.AbstractJavaProjectConfigurator - Adding source folder /BasicUnitTest/src
2024-01-04 15:37:01,340 [Worker-19: Enabling Maven Dependency Management] INFO  o.e.m.j.i.AbstractJavaProjectConfigurator - Resources folder /BasicUnitTest/src/main/resources overlaps with sources folder /BasicUnitTest/src
2024-01-04 15:37:01,344 [Worker-19: Enabling Maven Dependency Management] INFO  o.e.m.j.i.AbstractJavaProjectConfigurator - Not adding source folder /BasicUnitTest/src/test/java because it overlaps with /BasicUnitTest/src
2024-01-04 15:37:01,344 [Worker-19: Enabling Maven Dependency Management] INFO  o.e.m.j.i.AbstractJavaProjectConfigurator - Resources folder /BasicUnitTest/src/test/resources overlaps with sources folder /BasicUnitTest/src
2024-01-04 15:37:01,435 [Worker-19: Enabling Maven Dependency Management] INFO  o.e.m.c.i.p.ProjectConfigurationManager - Update started
2024-01-04 15:37:01,821 [Worker-19: Enabling Maven Dependency Management] INFO  o.e.m.c.i.l.LifecycleMappingFactory - Using org.eclipse.m2e.jdt.JarLifecycleMapping lifecycle mapping for MavenProject: BasicUnitTest:BasicUnitTest:0.0.1-SNAPSHOT @ D:\65-45 023 Work\BasicUnitTest\BasicUnitTest\pom.xml.
2024-01-04 15:37:01,973 [Worker-19: Enabling Maven Dependency Management] INFO  o.e.m.j.i.AbstractJavaProjectConfigurator - Adding source folder /BasicUnitTest/src
2024-01-04 15:37:01,973 [Worker-19: Enabling Maven Dependency Management] INFO  o.e.m.j.i.AbstractJavaProjectConfigurator - Resources folder /BasicUnitTest/src/main/resources overlaps with sources folder /BasicUnitTest/src
2024-01-04 15:37:01,974 [Worker-19: Enabling Maven Dependency Management] INFO  o.e.m.j.i.AbstractJavaProjectConfigurator - Not adding source folder /BasicUnitTest/src/test/java because it overlaps with /BasicUnitTest/src
2024-01-04 15:37:01,975 [Worker-19: Enabling Maven Dependency Management] INFO  o.e.m.j.i.AbstractJavaProjectConfigurator - Resources folder /BasicUnitTest/src/test/resources overlaps with sources folder /BasicUnitTest/src
2024-01-04 15:37:02,001 [Worker-19: Enabling Maven Dependency Management] INFO  o.e.m.c.i.p.ProjectConfigurationManager - Update completed for 1 poms: local refresh takes 0.00 sec, refresh facades takes 0.00 sec, update config takes 0.00 sec 
2024-01-04 15:37:02,118 [Worker-30: Building] WARN  o.a.m.s.f.DefaultMavenResourcesFiltering - Using platform encoding (UTF-8 actually) to copy filtered resources, i.e. build is platform dependent!
2024-01-04 15:37:02,119 [Worker-30: Building] INFO  o.a.m.s.f.DefaultMavenResourcesFiltering - skip non existing resourceDirectory D:\65-45 023 Work\BasicUnitTest\BasicUnitTest\src\main\resources
2024-01-04 15:37:02,122 [Worker-30: Building] WARN  o.a.m.s.f.DefaultMavenResourcesFiltering - Using platform encoding (UTF-8 actually) to copy filtered resources, i.e. build is platform dependent!
2024-01-04 15:37:02,122 [Worker-30: Building] INFO  o.a.m.s.f.DefaultMavenResourcesFiltering - skip non existing resourceDirectory D:\65-45 023 Work\BasicUnitTest\BasicUnitTest\src\test\resources
2024-01-04 15:37:34,011 [Worker-7: Building] WARN  o.a.m.s.f.DefaultMavenResourcesFiltering - Using platform encoding (UTF-8 actually) to copy filtered resources, i.e. build is platform dependent!
2024-01-04 15:37:34,011 [Worker-7: Building] INFO  o.a.m.s.f.DefaultMavenResourcesFiltering - skip non existing resourceDirectory D:\65-45 023 Work\BasicUnitTest\BasicUnitTest\src\main\resources
2024-01-04 15:37:34,013 [Worker-7: Building] WARN  o.a.m.s.f.DefaultMavenResourcesFiltering - Using platform encoding (UTF-8 actually) to copy filtered resources, i.e. build is platform dependent!
2024-01-04 15:37:34,014 [Worker-7: Building] INFO  o.a.m.s.f.DefaultMavenResourcesFiltering - skip non existing resourceDirectory D:\65-45 023 Work\BasicUnitTest\BasicUnitTest\src\test\resources
2024-01-04 15:47:59,520 [Worker-13: Building] WARN  o.a.m.s.f.DefaultMavenResourcesFiltering - Using platform encoding (UTF-8 actually) to copy filtered resources, i.e. build is platform dependent!
2024-01-04 15:47:59,521 [Worker-13: Building] INFO  o.a.m.s.f.DefaultMavenResourcesFiltering - skip non existing resourceDirectory D:\65-45 023 Work\BasicUnitTest\BasicUnitTest\src\main\resources
2024-01-04 15:47:59,522 [Worker-13: Building] WARN  o.a.m.s.f.DefaultMavenResourcesFiltering - Using platform encoding (UTF-8 actually) to copy filtered resources, i.e. build is platform dependent!
2024-01-04 15:47:59,523 [Worker-13: Building] INFO  o.a.m.s.f.DefaultMavenResourcesFiltering - skip non existing resourceDirectory D:\65-45 023 Work\BasicUnitTest\BasicUnitTest\src\test\resources
2024-01-04 15:50:40,275 [Worker-31: Launching TestCalc] WARN  o.a.m.s.f.DefaultMavenResourcesFiltering - Using platform encoding (UTF-8 actually) to copy filtered resources, i.e. build is platform dependent!
2024-01-04 15:50:40,276 [Worker-31: Launching TestCalc] INFO  o.a.m.s.f.DefaultMavenResourcesFiltering - skip non existing resourceDirectory D:\65-45 023 Work\BasicUnitTest\BasicUnitTest\src\main\resources
2024-01-04 15:50:40,279 [Worker-31: Launching TestCalc] WARN  o.a.m.s.f.DefaultMavenResourcesFiltering - Using platform encoding (UTF-8 actually) to copy filtered resources, i.e. build is platform dependent!
2024-01-04 15:50:40,279 [Worker-31: Launching TestCalc] INFO  o.a.m.s.f.DefaultMavenResourcesFiltering - skip non existing resourceDirectory D:\65-45 023 Work\BasicUnitTest\BasicUnitTest\src\test\resources
2024-01-04 15:56:47,212 [Worker-19: Building] WARN  o.a.m.s.f.DefaultMavenResourcesFiltering - Using platform encoding (UTF-8 actually) to copy filtered resources, i.e. build is platform dependent!
2024-01-04 15:56:47,212 [Worker-19: Building] INFO  o.a.m.s.f.DefaultMavenResourcesFiltering - skip non existing resourceDirectory D:\65-45 023 Work\BasicUnitTest\BasicUnitTest\src\main\resources
2024-01-04 15:56:47,214 [Worker-19: Building] WARN  o.a.m.s.f.DefaultMavenResourcesFiltering - Using platform encoding (UTF-8 actually) to copy filtered resources, i.e. build is platform dependent!
2024-01-04 15:56:47,214 [Worker-19: Building] INFO  o.a.m.s.f.DefaultMavenResourcesFiltering - skip non existing resourceDirectory D:\65-45 023 Work\BasicUnitTest\BasicUnitTest\src\test\resources
2024-01-04 15:57:25,812 [Worker-35: Launching TestCalc] WARN  o.a.m.s.f.DefaultMavenResourcesFiltering - Using platform encoding (UTF-8 actually) to copy filtered resources, i.e. build is platform dependent!
2024-01-04 15:57:25,813 [Worker-35: Launching TestCalc] INFO  o.a.m.s.f.DefaultMavenResourcesFiltering - skip non existing resourceDirectory D:\65-45 023 Work\BasicUnitTest\BasicUnitTest\src\main\resources
2024-01-04 15:57:25,815 [Worker-35: Launching TestCalc] WARN  o.a.m.s.f.DefaultMavenResourcesFiltering - Using platform encoding (UTF-8 actually) to copy filtered resources, i.e. build is platform dependent!
2024-01-04 15:57:25,816 [Worker-35: Launching TestCalc] INFO  o.a.m.s.f.DefaultMavenResourcesFiltering - skip non existing resourceDirectory D:\65-45 023 Work\BasicUnitTest\BasicUnitTest\src\test\resources
2024-01-04 15:57:42,153 [Worker-30: Building] WARN  o.a.m.s.f.DefaultMavenResourcesFiltering - Using platform encoding (UTF-8 actually) to copy filtered resources, i.e. build is platform dependent!
2024-01-04 15:57:42,153 [Worker-30: Building] INFO  o.a.m.s.f.DefaultMavenResourcesFiltering - skip non existing resourceDirectory D:\65-45 023 Work\BasicUnitTest\BasicUnitTest\src\main\resources
2024-01-04 15:57:42,154 [Worker-30: Building] WARN  o.a.m.s.f.DefaultMavenResourcesFiltering - Using platform encoding (UTF-8 actually) to copy filtered resources, i.e. build is platform dependent!
2024-01-04 15:57:42,155 [Worker-30: Building] INFO  o.a.m.s.f.DefaultMavenResourcesFiltering - skip non existing resourceDirectory D:\65-45 023 Work\BasicUnitTest\BasicUnitTest\src\test\resources
2024-01-04 15:58:27,083 [Worker-32: Building] WARN  o.a.m.s.f.DefaultMavenResourcesFiltering - Using platform encoding (UTF-8 actually) to copy filtered resources, i.e. build is platform dependent!
2024-01-04 15:58:27,083 [Worker-32: Building] INFO  o.a.m.s.f.DefaultMavenResourcesFiltering - skip non existing resourceDirectory D:\65-45 023 Work\BasicUnitTest\BasicUnitTest\src\main\resources
2024-01-04 15:58:27,085 [Worker-32: Building] WARN  o.a.m.s.f.DefaultMavenResourcesFiltering - Using platform encoding (UTF-8 actually) to copy filtered resources, i.e. build is platform dependent!
2024-01-04 15:58:27,085 [Worker-32: Building] INFO  o.a.m.s.f.DefaultMavenResourcesFiltering - skip non existing resourceDirectory D:\65-45 023 Work\BasicUnitTest\BasicUnitTest\src\test\resources
2024-01-04 15:58:37,655 [Worker-32: Building] WARN  o.a.m.s.f.DefaultMavenResourcesFiltering - Using platform encoding (UTF-8 actually) to copy filtered resources, i.e. build is platform dependent!
2024-01-04 15:58:37,656 [Worker-32: Building] INFO  o.a.m.s.f.DefaultMavenResourcesFiltering - skip non existing resourceDirectory D:\65-45 023 Work\BasicUnitTest\BasicUnitTest\src\main\resources
2024-01-04 15:58:37,657 [Worker-32: Building] WARN  o.a.m.s.f.DefaultMavenResourcesFiltering - Using platform encoding (UTF-8 actually) to copy filtered resources, i.e. build is platform dependent!
2024-01-04 15:58:37,657 [Worker-32: Building] INFO  o.a.m.s.f.DefaultMavenResourcesFiltering - skip non existing resourceDirectory D:\65-45 023 Work\BasicUnitTest\BasicUnitTest\src\test\resources
2024-01-04 15:59:11,837 [Worker-30: Launching TestCalc] WARN  o.a.m.s.f.DefaultMavenResourcesFiltering - Using platform encoding (UTF-8 actually) to copy filtered resources, i.e. build is platform dependent!
2024-01-04 15:59:11,838 [Worker-30: Launching TestCalc] INFO  o.a.m.s.f.DefaultMavenResourcesFiltering - skip non existing resourceDirectory D:\65-45 023 Work\BasicUnitTest\BasicUnitTest\src\main\resources
2024-01-04 15:59:11,840 [Worker-30: Launching TestCalc] WARN  o.a.m.s.f.DefaultMavenResourcesFiltering - Using platform encoding (UTF-8 actually) to copy filtered resources, i.e. build is platform dependent!
2024-01-04 15:59:11,841 [Worker-30: Launching TestCalc] INFO  o.a.m.s.f.DefaultMavenResourcesFiltering - skip non existing resourceDirectory D:\65-45 023 Work\BasicUnitTest\BasicUnitTest\src\test\resources
2024-01-04 15:59:45,764 [Worker-19: Building] WARN  o.a.m.s.f.DefaultMavenResourcesFiltering - Using platform encoding (UTF-8 actually) to copy filtered resources, i.e. build is platform dependent!
2024-01-04 15:59:45,765 [Worker-19: Building] INFO  o.a.m.s.f.DefaultMavenResourcesFiltering - skip non existing resourceDirectory D:\65-45 023 Work\BasicUnitTest\BasicUnitTest\src\main\resources
2024-01-04 15:59:45,766 [Worker-19: Building] WARN  o.a.m.s.f.DefaultMavenResourcesFiltering - Using platform encoding (UTF-8 actually) to copy filtered resources, i.e. build is platform dependent!
2024-01-04 15:59:45,766 [Worker-19: Building] INFO  o.a.m.s.f.DefaultMavenResourcesFiltering - skip non existing resourceDirectory D:\65-45 023 Work\BasicUnitTest\BasicUnitTest\src\test\resources
2024-01-04 16:00:03,718 [Worker-34: Launching UnitTestCalculator] WARN  o.a.m.s.f.DefaultMavenResourcesFiltering - Using platform encoding (UTF-8 actually) to copy filtered resources, i.e. build is platform dependent!
2024-01-04 16:00:03,719 [Worker-34: Launching UnitTestCalculator] INFO  o.a.m.s.f.DefaultMavenResourcesFiltering - skip non existing resourceDirectory D:\65-45 023 Work\BasicUnitTest\BasicUnitTest\src\main\resources
2024-01-04 16:00:03,720 [Worker-34: Launching UnitTestCalculator] WARN  o.a.m.s.f.DefaultMavenResourcesFiltering - Using platform encoding (UTF-8 actually) to copy filtered resources, i.e. build is platform dependent!
2024-01-04 16:00:03,720 [Worker-34: Launching UnitTestCalculator] INFO  o.a.m.s.f.DefaultMavenResourcesFiltering - skip non existing resourceDirectory D:\65-45 023 Work\BasicUnitTest\BasicUnitTest\src\test\resources
2024-01-04 16:01:56,028 [Worker-34: Launching UnitTestCalculator] WARN  o.a.m.s.f.DefaultMavenResourcesFiltering - Using platform encoding (UTF-8 actually) to copy filtered resources, i.e. build is platform dependent!
2024-01-04 16:01:56,028 [Worker-34: Launching UnitTestCalculator] INFO  o.a.m.s.f.DefaultMavenResourcesFiltering - skip non existing resourceDirectory D:\65-45 023 Work\BasicUnitTest\BasicUnitTest\src\main\resources
2024-01-04 16:01:56,030 [Worker-34: Launching UnitTestCalculator] WARN  o.a.m.s.f.DefaultMavenResourcesFiltering - Using platform encoding (UTF-8 actually) to copy filtered resources, i.e. build is platform dependent!
2024-01-04 16:01:56,030 [Worker-34: Launching UnitTestCalculator] INFO  o.a.m.s.f.DefaultMavenResourcesFiltering - skip non existing resourceDirectory D:\65-45 023 Work\BasicUnitTest\BasicUnitTest\src\test\resources
2024-01-04 16:02:01,089 [Worker-37: Building] WARN  o.a.m.s.f.DefaultMavenResourcesFiltering - Using platform encoding (UTF-8 actually) to copy filtered resources, i.e. build is platform dependent!
2024-01-04 16:02:01,090 [Worker-37: Building] INFO  o.a.m.s.f.DefaultMavenResourcesFiltering - skip non existing resourceDirectory D:\65-45 023 Work\BasicUnitTest\BasicUnitTest\src\main\resources
2024-01-04 16:02:01,090 [Worker-37: Building] WARN  o.a.m.s.f.DefaultMavenResourcesFiltering - Using platform encoding (UTF-8 actually) to copy filtered resources, i.e. build is platform dependent!
2024-01-04 16:02:01,091 [Worker-37: Building] INFO  o.a.m.s.f.DefaultMavenResourcesFiltering - skip non existing resourceDirectory D:\65-45 023 Work\BasicUnitTest\BasicUnitTest\src\test\resources
2024-01-04 16:03:57,072 [Worker-36: Launching UnitTestCalculator] WARN  o.a.m.s.f.DefaultMavenResourcesFiltering - Using platform encoding (UTF-8 actually) to copy filtered resources, i.e. build is platform dependent!
2024-01-04 16:03:57,072 [Worker-36: Launching UnitTestCalculator] INFO  o.a.m.s.f.DefaultMavenResourcesFiltering - skip non existing resourceDirectory D:\65-45 023 Work\BasicUnitTest\BasicUnitTest\src\main\resources
2024-01-04 16:03:57,074 [Worker-36: Launching UnitTestCalculator] WARN  o.a.m.s.f.DefaultMavenResourcesFiltering - Using platform encoding (UTF-8 actually) to copy filtered resources, i.e. build is platform dependent!
2024-01-04 16:03:57,074 [Worker-36: Launching UnitTestCalculator] INFO  o.a.m.s.f.DefaultMavenResourcesFiltering - skip non existing resourceDirectory D:\65-45 023 Work\BasicUnitTest\BasicUnitTest\src\test\resources
2024-01-04 16:04:29,361 [Worker-37: Launching UnitTestCalculator] WARN  o.a.m.s.f.DefaultMavenResourcesFiltering - Using platform encoding (UTF-8 actually) to copy filtered resources, i.e. build is platform dependent!
2024-01-04 16:04:29,362 [Worker-37: Launching UnitTestCalculator] INFO  o.a.m.s.f.DefaultMavenResourcesFiltering - skip non existing resourceDirectory D:\65-45 023 Work\BasicUnitTest\BasicUnitTest\src\main\resources
2024-01-04 16:04:29,363 [Worker-37: Launching UnitTestCalculator] WARN  o.a.m.s.f.DefaultMavenResourcesFiltering - Using platform encoding (UTF-8 actually) to copy filtered resources, i.e. build is platform dependent!
2024-01-04 16:04:29,363 [Worker-37: Launching UnitTestCalculator] INFO  o.a.m.s.f.DefaultMavenResourcesFiltering - skip non existing resourceDirectory D:\65-45 023 Work\BasicUnitTest\BasicUnitTest\src\test\resources
2024-01-04 16:04:56,774 [Worker-30: Launching UnitTestCalculator] WARN  o.a.m.s.f.DefaultMavenResourcesFiltering - Using platform encoding (UTF-8 actually) to copy filtered resources, i.e. build is platform dependent!
2024-01-04 16:04:56,774 [Worker-30: Launching UnitTestCalculator] INFO  o.a.m.s.f.DefaultMavenResourcesFiltering - skip non existing resourceDirectory D:\65-45 023 Work\BasicUnitTest\BasicUnitTest\src\main\resources
2024-01-04 16:04:56,776 [Worker-30: Launching UnitTestCalculator] WARN  o.a.m.s.f.DefaultMavenResourcesFiltering - Using platform encoding (UTF-8 actually) to copy filtered resources, i.e. build is platform dependent!
2024-01-04 16:04:56,777 [Worker-30: Launching UnitTestCalculator] INFO  o.a.m.s.f.DefaultMavenResourcesFiltering - skip non existing resourceDirectory D:\65-45 023 Work\BasicUnitTest\BasicUnitTest\src\test\resources
2024-01-04 16:05:47,371 [Worker-35: Launching UnitTestCalculator] WARN  o.a.m.s.f.DefaultMavenResourcesFiltering - Using platform encoding (UTF-8 actually) to copy filtered resources, i.e. build is platform dependent!
2024-01-04 16:05:47,372 [Worker-35: Launching UnitTestCalculator] INFO  o.a.m.s.f.DefaultMavenResourcesFiltering - skip non existing resourceDirectory D:\65-45 023 Work\BasicUnitTest\BasicUnitTest\src\main\resources
2024-01-04 16:05:47,373 [Worker-35: Launching UnitTestCalculator] WARN  o.a.m.s.f.DefaultMavenResourcesFiltering - Using platform encoding (UTF-8 actually) to copy filtered resources, i.e. build is platform dependent!
2024-01-04 16:05:47,373 [Worker-35: Launching UnitTestCalculator] INFO  o.a.m.s.f.DefaultMavenResourcesFiltering - skip non existing resourceDirectory D:\65-45 023 Work\BasicUnitTest\BasicUnitTest\src\test\resources
2024-01-04 16:15:32,462 [Worker-34: Building] WARN  o.a.m.s.f.DefaultMavenResourcesFiltering - Using platform encoding (UTF-8 actually) to copy filtered resources, i.e. build is platform dependent!
2024-01-04 16:15:32,463 [Worker-34: Building] INFO  o.a.m.s.f.DefaultMavenResourcesFiltering - skip non existing resourceDirectory D:\65-45 023 Work\BasicUnitTest\BasicUnitTest\src\main\resources
2024-01-04 16:15:32,464 [Worker-34: Building] WARN  o.a.m.s.f.DefaultMavenResourcesFiltering - Using platform encoding (UTF-8 actually) to copy filtered resources, i.e. build is platform dependent!
2024-01-04 16:15:32,464 [Worker-34: Building] INFO  o.a.m.s.f.DefaultMavenResourcesFiltering - skip non existing resourceDirectory D:\65-45 023 Work\BasicUnitTest\BasicUnitTest\src\test\resources
2024-01-04 16:15:49,105 [Worker-19: Building] WARN  o.a.m.s.f.DefaultMavenResourcesFiltering - Using platform encoding (UTF-8 actually) to copy filtered resources, i.e. build is platform dependent!
2024-01-04 16:15:49,106 [Worker-19: Building] INFO  o.a.m.s.f.DefaultMavenResourcesFiltering - skip non existing resourceDirectory D:\65-45 023 Work\BasicUnitTest\BasicUnitTest\src\main\resources
2024-01-04 16:15:49,107 [Worker-19: Building] WARN  o.a.m.s.f.DefaultMavenResourcesFiltering - Using platform encoding (UTF-8 actually) to copy filtered resources, i.e. build is platform dependent!
2024-01-04 16:15:49,107 [Worker-19: Building] INFO  o.a.m.s.f.DefaultMavenResourcesFiltering - skip non existing resourceDirectory D:\65-45 023 Work\BasicUnitTest\BasicUnitTest\src\test\resources
2024-01-04 16:15:59,765 [Worker-36: Building] WARN  o.a.m.s.f.DefaultMavenResourcesFiltering - Using platform encoding (UTF-8 actually) to copy filtered resources, i.e. build is platform dependent!
2024-01-04 16:15:59,766 [Worker-36: Building] INFO  o.a.m.s.f.DefaultMavenResourcesFiltering - skip non existing resourceDirectory D:\65-45 023 Work\BasicUnitTest\BasicUnitTest\src\main\resources
2024-01-04 16:15:59,767 [Worker-36: Building] WARN  o.a.m.s.f.DefaultMavenResourcesFiltering - Using platform encoding (UTF-8 actually) to copy filtered resources, i.e. build is platform dependent!
2024-01-04 16:15:59,767 [Worker-36: Building] INFO  o.a.m.s.f.DefaultMavenResourcesFiltering - skip non existing resourceDirectory D:\65-45 023 Work\BasicUnitTest\BasicUnitTest\src\test\resources
2024-01-04 16:16:11,473 [Worker-36: Building] WARN  o.a.m.s.f.DefaultMavenResourcesFiltering - Using platform encoding (UTF-8 actually) to copy filtered resources, i.e. build is platform dependent!
2024-01-04 16:16:11,473 [Worker-36: Building] INFO  o.a.m.s.f.DefaultMavenResourcesFiltering - skip non existing resourceDirectory D:\65-45 023 Work\BasicUnitTest\BasicUnitTest\src\main\resources
2024-01-04 16:16:11,475 [Worker-36: Building] WARN  o.a.m.s.f.DefaultMavenResourcesFiltering - Using platform encoding (UTF-8 actually) to copy filtered resources, i.e. build is platform dependent!
2024-01-04 16:16:11,475 [Worker-36: Building] INFO  o.a.m.s.f.DefaultMavenResourcesFiltering - skip non existing resourceDirectory D:\65-45 023 Work\BasicUnitTest\BasicUnitTest\src\test\resources
2024-01-04 16:16:16,085 [Worker-40: Building] WARN  o.a.m.s.f.DefaultMavenResourcesFiltering - Using platform encoding (UTF-8 actually) to copy filtered resources, i.e. build is platform dependent!
2024-01-04 16:16:16,085 [Worker-40: Building] INFO  o.a.m.s.f.DefaultMavenResourcesFiltering - skip non existing resourceDirectory D:\65-45 023 Work\BasicUnitTest\BasicUnitTest\src\main\resources
2024-01-04 16:16:16,086 [Worker-40: Building] WARN  o.a.m.s.f.DefaultMavenResourcesFiltering - Using platform encoding (UTF-8 actually) to copy filtered resources, i.e. build is platform dependent!
2024-01-04 16:16:16,086 [Worker-40: Building] INFO  o.a.m.s.f.DefaultMavenResourcesFiltering - skip non existing resourceDirectory D:\65-45 023 Work\BasicUnitTest\BasicUnitTest\src\test\resources
2024-01-04 16:16:32,563 [Worker-41: Building] WARN  o.a.m.s.f.DefaultMavenResourcesFiltering - Using platform encoding (UTF-8 actually) to copy filtered resources, i.e. build is platform dependent!
2024-01-04 16:16:32,563 [Worker-41: Building] INFO  o.a.m.s.f.DefaultMavenResourcesFiltering - skip non existing resourceDirectory D:\65-45 023 Work\BasicUnitTest\BasicUnitTest\src\main\resources
2024-01-04 16:16:32,565 [Worker-41: Building] WARN  o.a.m.s.f.DefaultMavenResourcesFiltering - Using platform encoding (UTF-8 actually) to copy filtered resources, i.e. build is platform dependent!
2024-01-04 16:16:32,565 [Worker-41: Building] INFO  o.a.m.s.f.DefaultMavenResourcesFiltering - skip non existing resourceDirectory D:\65-45 023 Work\BasicUnitTest\BasicUnitTest\src\test\resources
2024-01-04 16:19:32,434 [Worker-41: Launching UnitTest] WARN  o.a.m.s.f.DefaultMavenResourcesFiltering - Using platform encoding (UTF-8 actually) to copy filtered resources, i.e. build is platform dependent!
2024-01-04 16:19:32,435 [Worker-41: Launching UnitTest] INFO  o.a.m.s.f.DefaultMavenResourcesFiltering - skip non existing resourceDirectory D:\65-45 023 Work\BasicUnitTest\BasicUnitTest\src\main\resources
2024-01-04 16:19:32,436 [Worker-41: Launching UnitTest] WARN  o.a.m.s.f.DefaultMavenResourcesFiltering - Using platform encoding (UTF-8 actually) to copy filtered resources, i.e. build is platform dependent!
2024-01-04 16:19:32,436 [Worker-41: Launching UnitTest] INFO  o.a.m.s.f.DefaultMavenResourcesFiltering - skip non existing resourceDirectory D:\65-45 023 Work\BasicUnitTest\BasicUnitTest\src\test\resources
2024-01-04 16:20:06,042 [Worker-34: Launching UnitTest] WARN  o.a.m.s.f.DefaultMavenResourcesFiltering - Using platform encoding (UTF-8 actually) to copy filtered resources, i.e. build is platform dependent!
2024-01-04 16:20:06,043 [Worker-34: Launching UnitTest] INFO  o.a.m.s.f.DefaultMavenResourcesFiltering - skip non existing resourceDirectory D:\65-45 023 Work\BasicUnitTest\BasicUnitTest\src\main\resources
2024-01-04 16:20:06,044 [Worker-34: Launching UnitTest] WARN  o.a.m.s.f.DefaultMavenResourcesFiltering - Using platform encoding (UTF-8 actually) to copy filtered resources, i.e. build is platform dependent!
2024-01-04 16:20:06,044 [Worker-34: Launching UnitTest] INFO  o.a.m.s.f.DefaultMavenResourcesFiltering - skip non existing resourceDirectory D:\65-45 023 Work\BasicUnitTest\BasicUnitTest\src\test\resources
2024-01-04 16:21:51,723 [Worker-40: Launching UnitTest] WARN  o.a.m.s.f.DefaultMavenResourcesFiltering - Using platform encoding (UTF-8 actually) to copy filtered resources, i.e. build is platform dependent!
2024-01-04 16:21:51,723 [Worker-40: Launching UnitTest] INFO  o.a.m.s.f.DefaultMavenResourcesFiltering - skip non existing resourceDirectory D:\65-45 023 Work\BasicUnitTest\BasicUnitTest\src\main\resources
2024-01-04 16:21:51,725 [Worker-40: Launching UnitTest] WARN  o.a.m.s.f.DefaultMavenResourcesFiltering - Using platform encoding (UTF-8 actually) to copy filtered resources, i.e. build is platform dependent!
2024-01-04 16:21:51,725 [Worker-40: Launching UnitTest] INFO  o.a.m.s.f.DefaultMavenResourcesFiltering - skip non existing resourceDirectory D:\65-45 023 Work\BasicUnitTest\BasicUnitTest\src\test\resources
2024-01-04 16:22:08,525 [Worker-40: Launching UnitTest] WARN  o.a.m.s.f.DefaultMavenResourcesFiltering - Using platform encoding (UTF-8 actually) to copy filtered resources, i.e. build is platform dependent!
2024-01-04 16:22:08,526 [Worker-40: Launching UnitTest] INFO  o.a.m.s.f.DefaultMavenResourcesFiltering - skip non existing resourceDirectory D:\65-45 023 Work\BasicUnitTest\BasicUnitTest\src\main\resources
2024-01-04 16:22:08,528 [Worker-40: Launching UnitTest] WARN  o.a.m.s.f.DefaultMavenResourcesFiltering - Using platform encoding (UTF-8 actually) to copy filtered resources, i.e. build is platform dependent!
2024-01-04 16:22:08,529 [Worker-40: Launching UnitTest] INFO  o.a.m.s.f.DefaultMavenResourcesFiltering - skip non existing resourceDirectory D:\65-45 023 Work\BasicUnitTest\BasicUnitTest\src\test\resources
2024-01-04 16:22:32,113 [Worker-19: Launching UnitTest] WARN  o.a.m.s.f.DefaultMavenResourcesFiltering - Using platform encoding (UTF-8 actually) to copy filtered resources, i.e. build is platform dependent!
2024-01-04 16:22:32,113 [Worker-19: Launching UnitTest] INFO  o.a.m.s.f.DefaultMavenResourcesFiltering - skip non existing resourceDirectory D:\65-45 023 Work\BasicUnitTest\BasicUnitTest\src\main\resources
2024-01-04 16:22:32,115 [Worker-19: Launching UnitTest] WARN  o.a.m.s.f.DefaultMavenResourcesFiltering - Using platform encoding (UTF-8 actually) to copy filtered resources, i.e. build is platform dependent!
2024-01-04 16:22:32,115 [Worker-19: Launching UnitTest] INFO  o.a.m.s.f.DefaultMavenResourcesFiltering - skip non existing resourceDirectory D:\65-45 023 Work\BasicUnitTest\BasicUnitTest\src\test\resources
2024-01-04 16:23:58,915 [Worker-19: Enabling Maven Dependency Management] INFO  o.e.m.c.i.l.LifecycleMappingFactory - Using org.eclipse.m2e.jdt.JarLifecycleMapping lifecycle mapping for MavenProject: SystemTestWithUnit:SystemTestWithUnit:0.0.1-SNAPSHOT @ D:\65-45 023 Work\BasicUnitTest\SystemTestWithUnit\pom.xml.
2024-01-04 16:23:59,227 [Worker-19: Enabling Maven Dependency Management] INFO  o.e.m.j.i.AbstractJavaProjectConfigurator - Adding source folder /SystemTestWithUnit/src
2024-01-04 16:23:59,227 [Worker-19: Enabling Maven Dependency Management] INFO  o.e.m.j.i.AbstractJavaProjectConfigurator - Resources folder /SystemTestWithUnit/src/main/resources overlaps with sources folder /SystemTestWithUnit/src
2024-01-04 16:23:59,228 [Worker-19: Enabling Maven Dependency Management] INFO  o.e.m.j.i.AbstractJavaProjectConfigurator - Not adding source folder /SystemTestWithUnit/src/test/java because it overlaps with /SystemTestWithUnit/src
2024-01-04 16:23:59,228 [Worker-19: Enabling Maven Dependency Management] INFO  o.e.m.j.i.AbstractJavaProjectConfigurator - Resources folder /SystemTestWithUnit/src/test/resources overlaps with sources folder /SystemTestWithUnit/src
2024-01-04 16:23:59,297 [Worker-19: Enabling Maven Dependency Management] INFO  o.e.m.c.i.p.ProjectConfigurationManager - Update started
2024-01-04 16:23:59,330 [Worker-19: Enabling Maven Dependency Management] INFO  o.e.m.c.i.l.LifecycleMappingFactory - Using org.eclipse.m2e.jdt.JarLifecycleMapping lifecycle mapping for MavenProject: SystemTestWithUnit:SystemTestWithUnit:0.0.1-SNAPSHOT @ D:\65-45 023 Work\BasicUnitTest\SystemTestWithUnit\pom.xml.
2024-01-04 16:23:59,376 [Worker-19: Enabling Maven Dependency Management] INFO  o.e.m.j.i.AbstractJavaProjectConfigurator - Adding source folder /SystemTestWithUnit/src
2024-01-04 16:23:59,376 [Worker-19: Enabling Maven Dependency Management] INFO  o.e.m.j.i.AbstractJavaProjectConfigurator - Resources folder /SystemTestWithUnit/src/main/resources overlaps with sources folder /SystemTestWithUnit/src
2024-01-04 16:23:59,376 [Worker-19: Enabling Maven Dependency Management] INFO  o.e.m.j.i.AbstractJavaProjectConfigurator - Not adding source folder /SystemTestWithUnit/src/test/java because it overlaps with /SystemTestWithUnit/src
2024-01-04 16:23:59,377 [Worker-19: Enabling Maven Dependency Management] INFO  o.e.m.j.i.AbstractJavaProjectConfigurator - Resources folder /SystemTestWithUnit/src/test/resources overlaps with sources folder /SystemTestWithUnit/src
2024-01-04 16:23:59,390 [Worker-19: Enabling Maven Dependency Management] INFO  o.e.m.c.i.p.ProjectConfigurationManager - Update completed for 1 poms: local refresh takes 0.00 sec, refresh facades takes 0.00 sec, update config takes 0.00 sec 
2024-01-04 16:23:59,547 [Worker-41: Building] WARN  o.a.m.s.f.DefaultMavenResourcesFiltering - Using platform encoding (UTF-8 actually) to copy filtered resources, i.e. build is platform dependent!
2024-01-04 16:23:59,548 [Worker-41: Building] INFO  o.a.m.s.f.DefaultMavenResourcesFiltering - skip non existing resourceDirectory D:\65-45 023 Work\BasicUnitTest\SystemTestWithUnit\src\main\resources
2024-01-04 16:23:59,549 [Worker-41: Building] WARN  o.a.m.s.f.DefaultMavenResourcesFiltering - Using platform encoding (UTF-8 actually) to copy filtered resources, i.e. build is platform dependent!
2024-01-04 16:23:59,550 [Worker-41: Building] INFO  o.a.m.s.f.DefaultMavenResourcesFiltering - skip non existing resourceDirectory D:\65-45 023 Work\BasicUnitTest\SystemTestWithUnit\src\test\resources
2024-01-04 16:25:41,023 [Worker-36: Building] WARN  o.a.m.s.f.DefaultMavenResourcesFiltering - Using platform encoding (UTF-8 actually) to copy filtered resources, i.e. build is platform dependent!
2024-01-04 16:25:41,023 [Worker-36: Building] INFO  o.a.m.s.f.DefaultMavenResourcesFiltering - skip non existing resourceDirectory D:\65-45 023 Work\BasicUnitTest\SystemTestWithUnit\src\main\resources
2024-01-04 16:25:41,024 [Worker-36: Building] WARN  o.a.m.s.f.DefaultMavenResourcesFiltering - Using platform encoding (UTF-8 actually) to copy filtered resources, i.e. build is platform dependent!
2024-01-04 16:25:41,025 [Worker-36: Building] INFO  o.a.m.s.f.DefaultMavenResourcesFiltering - skip non existing resourceDirectory D:\65-45 023 Work\BasicUnitTest\SystemTestWithUnit\src\test\resources
2024-01-04 16:26:00,736 [Worker-19: Building] WARN  o.a.m.s.f.DefaultMavenResourcesFiltering - Using platform encoding (UTF-8 actually) to copy filtered resources, i.e. build is platform dependent!
2024-01-04 16:26:00,737 [Worker-19: Building] INFO  o.a.m.s.f.DefaultMavenResourcesFiltering - skip non existing resourceDirectory D:\65-45 023 Work\BasicUnitTest\SystemTestWithUnit\src\main\resources
2024-01-04 16:26:00,739 [Worker-19: Building] WARN  o.a.m.s.f.DefaultMavenResourcesFiltering - Using platform encoding (UTF-8 actually) to copy filtered resources, i.e. build is platform dependent!
2024-01-04 16:26:00,740 [Worker-19: Building] INFO  o.a.m.s.f.DefaultMavenResourcesFiltering - skip non existing resourceDirectory D:\65-45 023 Work\BasicUnitTest\SystemTestWithUnit\src\test\resources
2024-01-04 16:26:25,249 [Worker-19: Building] WARN  o.a.m.s.f.DefaultMavenResourcesFiltering - Using platform encoding (UTF-8 actually) to copy filtered resources, i.e. build is platform dependent!
2024-01-04 16:26:25,250 [Worker-19: Building] INFO  o.a.m.s.f.DefaultMavenResourcesFiltering - skip non existing resourceDirectory D:\65-45 023 Work\BasicUnitTest\SystemTestWithUnit\src\main\resources
2024-01-04 16:26:25,251 [Worker-19: Building] WARN  o.a.m.s.f.DefaultMavenResourcesFiltering - Using platform encoding (UTF-8 actually) to copy filtered resources, i.e. build is platform dependent!
2024-01-04 16:26:25,251 [Worker-19: Building] INFO  o.a.m.s.f.DefaultMavenResourcesFiltering - skip non existing resourceDirectory D:\65-45 023 Work\BasicUnitTest\SystemTestWithUnit\src\test\resources
2024-01-04 16:26:36,194 [Worker-19: Building] WARN  o.a.m.s.f.DefaultMavenResourcesFiltering - Using platform encoding (UTF-8 actually) to copy filtered resources, i.e. build is platform dependent!
2024-01-04 16:26:36,194 [Worker-19: Building] INFO  o.a.m.s.f.DefaultMavenResourcesFiltering - skip non existing resourceDirectory D:\65-45 023 Work\BasicUnitTest\SystemTestWithUnit\src\main\resources
2024-01-04 16:26:36,195 [Worker-19: Building] WARN  o.a.m.s.f.DefaultMavenResourcesFiltering - Using platform encoding (UTF-8 actually) to copy filtered resources, i.e. build is platform dependent!
2024-01-04 16:26:36,195 [Worker-19: Building] INFO  o.a.m.s.f.DefaultMavenResourcesFiltering - skip non existing resourceDirectory D:\65-45 023 Work\BasicUnitTest\SystemTestWithUnit\src\test\resources
2024-01-04 16:34:21,217 [Worker-41: Building] INFO  o.e.m.c.i.l.LifecycleMappingFactory - Using org.eclipse.m2e.jdt.JarLifecycleMapping lifecycle mapping for MavenProject: SystemTestWithUnit:SystemTestWithUnit:0.0.1-SNAPSHOT @ D:\65-45 023 Work\BasicUnitTest\SystemTestWithUnit\pom.xml.
2024-01-04 16:34:21,399 [Worker-41: Building] WARN  o.a.m.s.f.DefaultMavenResourcesFiltering - Using platform encoding (UTF-8 actually) to copy filtered resources, i.e. build is platform dependent!
2024-01-04 16:34:21,399 [Worker-41: Building] INFO  o.a.m.s.f.DefaultMavenResourcesFiltering - skip non existing resourceDirectory D:\65-45 023 Work\BasicUnitTest\SystemTestWithUnit\src\main\resources
2024-01-04 16:34:21,400 [Worker-41: Building] WARN  o.a.m.s.f.DefaultMavenResourcesFiltering - Using platform encoding (UTF-8 actually) to copy filtered resources, i.e. build is platform dependent!
2024-01-04 16:34:21,401 [Worker-41: Building] INFO  o.a.m.s.f.DefaultMavenResourcesFiltering - skip non existing resourceDirectory D:\65-45 023 Work\BasicUnitTest\SystemTestWithUnit\src\test\resources
2024-01-04 16:34:39,044 [Worker-43: Launching TestGG] WARN  o.a.m.s.f.DefaultMavenResourcesFiltering - Using platform encoding (UTF-8 actually) to copy filtered resources, i.e. build is platform dependent!
2024-01-04 16:34:39,044 [Worker-43: Launching TestGG] INFO  o.a.m.s.f.DefaultMavenResourcesFiltering - skip non existing resourceDirectory D:\65-45 023 Work\BasicUnitTest\SystemTestWithUnit\src\main\resources
2024-01-04 16:34:39,046 [Worker-43: Launching TestGG] WARN  o.a.m.s.f.DefaultMavenResourcesFiltering - Using platform encoding (UTF-8 actually) to copy filtered resources, i.e. build is platform dependent!
2024-01-04 16:34:39,046 [Worker-43: Launching TestGG] INFO  o.a.m.s.f.DefaultMavenResourcesFiltering - skip non existing resourceDirectory D:\65-45 023 Work\BasicUnitTest\SystemTestWithUnit\src\test\resources
2024-01-04 16:35:33,955 [Worker-43: Launching TestGG] WARN  o.a.m.s.f.DefaultMavenResourcesFiltering - Using platform encoding (UTF-8 actually) to copy filtered resources, i.e. build is platform dependent!
2024-01-04 16:35:33,955 [Worker-43: Launching TestGG] INFO  o.a.m.s.f.DefaultMavenResourcesFiltering - skip non existing resourceDirectory D:\65-45 023 Work\BasicUnitTest\SystemTestWithUnit\src\main\resources
2024-01-04 16:35:33,956 [Worker-43: Launching TestGG] WARN  o.a.m.s.f.DefaultMavenResourcesFiltering - Using platform encoding (UTF-8 actually) to copy filtered resources, i.e. build is platform dependent!
2024-01-04 16:35:33,957 [Worker-43: Launching TestGG] INFO  o.a.m.s.f.DefaultMavenResourcesFiltering - skip non existing resourceDirectory D:\65-45 023 Work\BasicUnitTest\SystemTestWithUnit\src\test\resources
2024-01-04 16:45:34,508 [Worker-34: Building] WARN  o.a.m.s.f.DefaultMavenResourcesFiltering - Using platform encoding (UTF-8 actually) to copy filtered resources, i.e. build is platform dependent!
2024-01-04 16:45:34,508 [Worker-34: Building] INFO  o.a.m.s.f.DefaultMavenResourcesFiltering - skip non existing resourceDirectory D:\65-45 023 Work\BasicUnitTest\SystemTestWithUnit\src\main\resources
2024-01-04 16:45:34,509 [Worker-34: Building] WARN  o.a.m.s.f.DefaultMavenResourcesFiltering - Using platform encoding (UTF-8 actually) to copy filtered resources, i.e. build is platform dependent!
2024-01-04 16:45:34,509 [Worker-34: Building] INFO  o.a.m.s.f.DefaultMavenResourcesFiltering - skip non existing resourceDirectory D:\65-45 023 Work\BasicUnitTest\SystemTestWithUnit\src\test\resources
2024-01-04 16:46:57,872 [Worker-44: Launching TestGG] WARN  o.a.m.s.f.DefaultMavenResourcesFiltering - Using platform encoding (UTF-8 actually) to copy filtered resources, i.e. build is platform dependent!
2024-01-04 16:46:57,873 [Worker-44: Launching TestGG] INFO  o.a.m.s.f.DefaultMavenResourcesFiltering - skip non existing resourceDirectory D:\65-45 023 Work\BasicUnitTest\SystemTestWithUnit\src\main\resources
2024-01-04 16:46:57,874 [Worker-44: Launching TestGG] WARN  o.a.m.s.f.DefaultMavenResourcesFiltering - Using platform encoding (UTF-8 actually) to copy filtered resources, i.e. build is platform dependent!
2024-01-04 16:46:57,874 [Worker-44: Launching TestGG] INFO  o.a.m.s.f.DefaultMavenResourcesFiltering - skip non existing resourceDirectory D:\65-45 023 Work\BasicUnitTest\SystemTestWithUnit\src\test\resources
2024-01-04 16:49:23,759 [Worker-41: Launching TestGG] WARN  o.a.m.s.f.DefaultMavenResourcesFiltering - Using platform encoding (UTF-8 actually) to copy filtered resources, i.e. build is platform dependent!
2024-01-04 16:49:23,759 [Worker-41: Launching TestGG] INFO  o.a.m.s.f.DefaultMavenResourcesFiltering - skip non existing resourceDirectory D:\65-45 023 Work\BasicUnitTest\SystemTestWithUnit\src\main\resources
2024-01-04 16:49:23,761 [Worker-41: Launching TestGG] WARN  o.a.m.s.f.DefaultMavenResourcesFiltering - Using platform encoding (UTF-8 actually) to copy filtered resources, i.e. build is platform dependent!
2024-01-04 16:49:23,761 [Worker-41: Launching TestGG] INFO  o.a.m.s.f.DefaultMavenResourcesFiltering - skip non existing resourceDirectory D:\65-45 023 Work\BasicUnitTest\SystemTestWithUnit\src\test\resources
2024-01-04 16:49:49,348 [Worker-44: Launching TestGG] WARN  o.a.m.s.f.DefaultMavenResourcesFiltering - Using platform encoding (UTF-8 actually) to copy filtered resources, i.e. build is platform dependent!
2024-01-04 16:49:49,348 [Worker-44: Launching TestGG] INFO  o.a.m.s.f.DefaultMavenResourcesFiltering - skip non existing resourceDirectory D:\65-45 023 Work\BasicUnitTest\SystemTestWithUnit\src\main\resources
2024-01-04 16:49:49,349 [Worker-44: Launching TestGG] WARN  o.a.m.s.f.DefaultMavenResourcesFiltering - Using platform encoding (UTF-8 actually) to copy filtered resources, i.e. build is platform dependent!
2024-01-04 16:49:49,350 [Worker-44: Launching TestGG] INFO  o.a.m.s.f.DefaultMavenResourcesFiltering - skip non existing resourceDirectory D:\65-45 023 Work\BasicUnitTest\SystemTestWithUnit\src\test\resources
2024-01-04 16:50:01,988 [Worker-45: Launching TestGG] WARN  o.a.m.s.f.DefaultMavenResourcesFiltering - Using platform encoding (UTF-8 actually) to copy filtered resources, i.e. build is platform dependent!
2024-01-04 16:50:01,989 [Worker-45: Launching TestGG] INFO  o.a.m.s.f.DefaultMavenResourcesFiltering - skip non existing resourceDirectory D:\65-45 023 Work\BasicUnitTest\SystemTestWithUnit\src\main\resources
2024-01-04 16:50:01,990 [Worker-45: Launching TestGG] WARN  o.a.m.s.f.DefaultMavenResourcesFiltering - Using platform encoding (UTF-8 actually) to copy filtered resources, i.e. build is platform dependent!
2024-01-04 16:50:01,990 [Worker-45: Launching TestGG] INFO  o.a.m.s.f.DefaultMavenResourcesFiltering - skip non existing resourceDirectory D:\65-45 023 Work\BasicUnitTest\SystemTestWithUnit\src\test\resources
2024-01-04 16:51:03,342 [Worker-34: Launching TestGG] WARN  o.a.m.s.f.DefaultMavenResourcesFiltering - Using platform encoding (UTF-8 actually) to copy filtered resources, i.e. build is platform dependent!
2024-01-04 16:51:03,343 [Worker-34: Launching TestGG] INFO  o.a.m.s.f.DefaultMavenResourcesFiltering - skip non existing resourceDirectory D:\65-45 023 Work\BasicUnitTest\SystemTestWithUnit\src\main\resources
2024-01-04 16:51:03,344 [Worker-34: Launching TestGG] WARN  o.a.m.s.f.DefaultMavenResourcesFiltering - Using platform encoding (UTF-8 actually) to copy filtered resources, i.e. build is platform dependent!
2024-01-04 16:51:03,344 [Worker-34: Launching TestGG] INFO  o.a.m.s.f.DefaultMavenResourcesFiltering - skip non existing resourceDirectory D:\65-45 023 Work\BasicUnitTest\SystemTestWithUnit\src\test\resources
